g:\study\image_processing\lib\dlib-19.15\build\dlib\dlib.dir\release\bit_stream_kernel_1.obj
g:\study\image_processing\lib\dlib-19.15\build\dlib\dlib.dir\release\entropy_decoder_kernel_1.obj
g:\study\image_processing\lib\dlib-19.15\build\dlib\dlib.dir\release\md5_kernel_1.obj
g:\study\image_processing\lib\dlib-19.15\build\dlib\dlib.dir\release\mnist.obj
g:\study\image_processing\lib\dlib-19.15\build\dlib\dlib.dir\release\test_for_odr_violations.obj
g:\study\image_processing\lib\dlib-19.15\build\dlib\dlib.dir\release\auto.obj
g:\study\image_processing\lib\dlib-19.15\build\dlib\dlib.dir\release\logger_kernel_1.obj
g:\study\image_processing\lib\dlib-19.15\build\dlib\dlib.dir\release\sockets_kernel_2.obj
g:\study\image_processing\lib\dlib-19.15\build\dlib\dlib.dir\release\sockstreambuf.obj
g:\study\image_processing\lib\dlib-19.15\build\dlib\dlib.dir\release\server_http.obj
g:\study\image_processing\lib\dlib-19.15\build\dlib\dlib.dir\release\async.obj
g:\study\image_processing\lib\dlib-19.15\build\dlib\dlib.dir\release\fonts.obj
g:\study\image_processing\lib\dlib-19.15\build\dlib\dlib.dir\release\style.obj
g:\study\image_processing\lib\dlib-19.15\build\dlib\dlib.dir\release\save_png.obj
g:\study\image_processing\lib\dlib-19.15\build\dlib\dlib.dir\release\jidctint.obj
g:\study\image_processing\lib\dlib-19.15\build\dlib\dlib.dir\release\jmemnobs.obj
g:\study\image_processing\lib\dlib-19.15\build\dlib\dlib.dir\release\jutils.obj
g:\study\image_processing\lib\dlib-19.15\build\dlib\dlib.dir\release\jcparam.obj
g:\study\image_processing\lib\dlib-19.15\build\dlib\dlib.dir\release\jccolor.obj
g:\study\image_processing\lib\dlib-19.15\build\dlib\dlib.dir\release\jcprepct.obj
g:\study\image_processing\lib\dlib-19.15\build\dlib\dlib.dir\release\jfdctflt.obj
g:\study\image_processing\lib\dlib-19.15\build\dlib\dlib.dir\release\bigint_kernel_2.obj
g:\study\image_processing\lib\dlib-19.15\build\dlib\dlib.dir\release\entropy_encoder_kernel_2.obj
g:\study\image_processing\lib\dlib-19.15\build\dlib\dlib.dir\release\image_dataset_metadata.obj
g:\study\image_processing\lib\dlib-19.15\build\dlib\dlib.dir\release\sockets_kernel_1.obj
g:\study\image_processing\lib\dlib-19.15\build\dlib\dlib.dir\release\dir_nav_kernel_1.obj
g:\study\image_processing\lib\dlib-19.15\build\dlib\dlib.dir\release\dir_nav_kernel_2.obj
g:\study\image_processing\lib\dlib-19.15\build\dlib\dlib.dir\release\dir_nav_extensions.obj
g:\study\image_processing\lib\dlib-19.15\build\dlib\dlib.dir\release\logger_config_file.obj
g:\study\image_processing\lib\dlib-19.15\build\dlib\dlib.dir\release\sockstreambuf_unbuffered.obj
g:\study\image_processing\lib\dlib-19.15\build\dlib\dlib.dir\release\multithreaded_object_extension.obj
g:\study\image_processing\lib\dlib-19.15\build\dlib\dlib.dir\release\threads_kernel_2.obj
g:\study\image_processing\lib\dlib-19.15\build\dlib\dlib.dir\release\threads_kernel_shared.obj
g:\study\image_processing\lib\dlib-19.15\build\dlib\dlib.dir\release\stack_trace.obj
g:\study\image_processing\lib\dlib-19.15\build\dlib\dlib.dir\release\cpu_dlib.obj
g:\study\image_processing\lib\dlib-19.15\build\dlib\dlib.dir\release\canvas_drawing.obj
g:\study\image_processing\lib\dlib-19.15\build\dlib\dlib.dir\release\gui_core_kernel_1.obj
g:\study\image_processing\lib\dlib-19.15\build\dlib\dlib.dir\release\jcomapi.obj
g:\study\image_processing\lib\dlib-19.15\build\dlib\dlib.dir\release\jdapimin.obj
g:\study\image_processing\lib\dlib-19.15\build\dlib\dlib.dir\release\jdapistd.obj
g:\study\image_processing\lib\dlib-19.15\build\dlib\dlib.dir\release\jdatasrc.obj
g:\study\image_processing\lib\dlib-19.15\build\dlib\dlib.dir\release\jdcoefct.obj
g:\study\image_processing\lib\dlib-19.15\build\dlib\dlib.dir\release\jdcolor.obj
g:\study\image_processing\lib\dlib-19.15\build\dlib\dlib.dir\release\jddctmgr.obj
g:\study\image_processing\lib\dlib-19.15\build\dlib\dlib.dir\release\jdhuff.obj
g:\study\image_processing\lib\dlib-19.15\build\dlib\dlib.dir\release\jdinput.obj
g:\study\image_processing\lib\dlib-19.15\build\dlib\dlib.dir\release\jdmainct.obj
g:\study\image_processing\lib\dlib-19.15\build\dlib\dlib.dir\release\jdmarker.obj
g:\study\image_processing\lib\dlib-19.15\build\dlib\dlib.dir\release\jdmerge.obj
g:\study\image_processing\lib\dlib-19.15\build\dlib\dlib.dir\release\jdpostct.obj
g:\study\image_processing\lib\dlib-19.15\build\dlib\dlib.dir\release\jerror.obj
g:\study\image_processing\lib\dlib-19.15\build\dlib\dlib.dir\release\jidctfst.obj
g:\study\image_processing\lib\dlib-19.15\build\dlib\dlib.dir\release\jmemmgr.obj
g:\study\image_processing\lib\dlib-19.15\build\dlib\dlib.dir\release\jcapimin.obj
g:\study\image_processing\lib\dlib-19.15\build\dlib\dlib.dir\release\jcmarker.obj
g:\study\image_processing\lib\dlib-19.15\build\dlib\dlib.dir\release\jcdctmgr.obj
g:\study\image_processing\lib\dlib-19.15\build\dlib\dlib.dir\release\jcmainct.obj
g:\study\image_processing\lib\dlib-19.15\build\dlib\dlib.dir\release\jfdctint.obj
g:\study\image_processing\lib\dlib-19.15\build\dlib\dlib.dir\release\jpeg_loader.obj
g:\study\image_processing\lib\dlib-19.15\build\dlib\dlib.dir\release\base64_kernel_1.obj
g:\study\image_processing\lib\dlib-19.15\build\dlib\dlib.dir\release\entropy_decoder_kernel_2.obj
g:\study\image_processing\lib\dlib-19.15\build\dlib\dlib.dir\release\tokenizer_kernel_1.obj
g:\study\image_processing\lib\dlib-19.15\build\dlib\dlib.dir\release\global_function_search.obj
g:\study\image_processing\lib\dlib-19.15\build\dlib\dlib.dir\release\extra_logger_headers.obj
g:\study\image_processing\lib\dlib-19.15\build\dlib\dlib.dir\release\misc_api_kernel_2.obj
g:\study\image_processing\lib\dlib-19.15\build\dlib\dlib.dir\release\sockets_extensions.obj
g:\study\image_processing\lib\dlib-19.15\build\dlib\dlib.dir\release\server_iostream.obj
g:\study\image_processing\lib\dlib-19.15\build\dlib\dlib.dir\release\threads_kernel_1.obj
g:\study\image_processing\lib\dlib-19.15\build\dlib\dlib.dir\release\thread_pool_extension.obj
g:\study\image_processing\lib\dlib-19.15\build\dlib\dlib.dir\release\tensor_tools.obj
g:\study\image_processing\lib\dlib-19.15\build\dlib\dlib.dir\release\drawable.obj
g:\study\image_processing\lib\dlib-19.15\build\dlib\dlib.dir\release\base_widgets.obj
g:\study\image_processing\lib\dlib-19.15\build\dlib\dlib.dir\release\jquant1.obj
g:\study\image_processing\lib\dlib-19.15\build\dlib\dlib.dir\release\jdatadst.obj
g:\study\image_processing\lib\dlib-19.15\build\dlib\dlib.dir\release\jcinit.obj
g:\study\image_processing\lib\dlib-19.15\build\dlib\dlib.dir\release\jccoefct.obj
g:\study\image_processing\lib\dlib-19.15\build\dlib\dlib.dir\release\jcphuff.obj
g:\study\image_processing\lib\dlib-19.15\build\dlib\dlib.dir\release\jfdctfst.obj
g:\study\image_processing\lib\dlib-19.15\build\dlib\dlib.dir\release\bigint_kernel_1.obj
g:\study\image_processing\lib\dlib-19.15\build\dlib\dlib.dir\release\entropy_encoder_kernel_1.obj
g:\study\image_processing\lib\dlib-19.15\build\dlib\dlib.dir\release\unicode.obj
g:\study\image_processing\lib\dlib-19.15\build\dlib\dlib.dir\release\kalman_filter.obj
g:\study\image_processing\lib\dlib-19.15\build\dlib\dlib.dir\release\bsp.obj
g:\study\image_processing\lib\dlib-19.15\build\dlib\dlib.dir\release\linker_kernel_1.obj
g:\study\image_processing\lib\dlib-19.15\build\dlib\dlib.dir\release\misc_api_kernel_1.obj
g:\study\image_processing\lib\dlib-19.15\build\dlib\dlib.dir\release\server_kernel.obj
g:\study\image_processing\lib\dlib-19.15\build\dlib\dlib.dir\release\threaded_object_extension.obj
g:\study\image_processing\lib\dlib-19.15\build\dlib\dlib.dir\release\timer.obj
g:\study\image_processing\lib\dlib-19.15\build\dlib\dlib.dir\release\widgets.obj
g:\study\image_processing\lib\dlib-19.15\build\dlib\dlib.dir\release\gui_core_kernel_2.obj
g:\study\image_processing\lib\dlib-19.15\build\dlib\dlib.dir\release\png_loader.obj
g:\study\image_processing\lib\dlib-19.15\build\dlib\dlib.dir\release\jdmaster.obj
g:\study\image_processing\lib\dlib-19.15\build\dlib\dlib.dir\release\jdphuff.obj
g:\study\image_processing\lib\dlib-19.15\build\dlib\dlib.dir\release\jdsample.obj
g:\study\image_processing\lib\dlib-19.15\build\dlib\dlib.dir\release\jidctflt.obj
g:\study\image_processing\lib\dlib-19.15\build\dlib\dlib.dir\release\jidctred.obj
g:\study\image_processing\lib\dlib-19.15\build\dlib\dlib.dir\release\jquant2.obj
g:\study\image_processing\lib\dlib-19.15\build\dlib\dlib.dir\release\jcapistd.obj
g:\study\image_processing\lib\dlib-19.15\build\dlib\dlib.dir\release\jcmaster.obj
g:\study\image_processing\lib\dlib-19.15\build\dlib\dlib.dir\release\jchuff.obj
g:\study\image_processing\lib\dlib-19.15\build\dlib\dlib.dir\release\jcsample.obj
g:\study\image_processing\lib\dlib-19.15\build\dlib\dlib.dir\release\save_jpeg.obj
g:\study\image_processing\lib\dlib-19.15\build\dlib\dlib.dir\release\pngmem.obj
g:\study\image_processing\lib\dlib-19.15\build\dlib\dlib.dir\release\pngread.obj
g:\study\image_processing\lib\dlib-19.15\build\dlib\dlib.dir\release\pngtrans.obj
g:\study\image_processing\lib\dlib-19.15\build\dlib\dlib.dir\release\pngwutil.obj
g:\study\image_processing\lib\dlib-19.15\build\dlib\dlib.dir\release\pngerror.obj
g:\study\image_processing\lib\dlib-19.15\build\dlib\dlib.dir\release\pngpread.obj
g:\study\image_processing\lib\dlib-19.15\build\dlib\dlib.dir\release\pngset.obj
g:\study\image_processing\lib\dlib-19.15\build\dlib\dlib.dir\release\pngwrite.obj
g:\study\image_processing\lib\dlib-19.15\build\dlib\dlib.dir\release\gzread.obj
g:\study\image_processing\lib\dlib-19.15\build\dlib\dlib.dir\release\inffast.obj
g:\study\image_processing\lib\dlib-19.15\build\dlib\dlib.dir\release\inftrees.obj
g:\study\image_processing\lib\dlib-19.15\build\dlib\dlib.dir\release\trees.obj
g:\study\image_processing\lib\dlib-19.15\build\dlib\dlib.dir\release\png.obj
g:\study\image_processing\lib\dlib-19.15\build\dlib\dlib.dir\release\pngrtran.obj
g:\study\image_processing\lib\dlib-19.15\build\dlib\dlib.dir\release\pngwio.obj
g:\study\image_processing\lib\dlib-19.15\build\dlib\dlib.dir\release\adler32.obj
g:\study\image_processing\lib\dlib-19.15\build\dlib\dlib.dir\release\compress.obj
g:\study\image_processing\lib\dlib-19.15\build\dlib\dlib.dir\release\crc32.obj
g:\study\image_processing\lib\dlib-19.15\build\dlib\dlib.dir\release\deflate.obj
g:\study\image_processing\lib\dlib-19.15\build\dlib\dlib.dir\release\gzclose.obj
g:\study\image_processing\lib\dlib-19.15\build\dlib\dlib.dir\release\gzlib.obj
g:\study\image_processing\lib\dlib-19.15\build\dlib\dlib.dir\release\infback.obj
g:\study\image_processing\lib\dlib-19.15\build\dlib\dlib.dir\release\uncompr.obj
g:\study\image_processing\lib\dlib-19.15\build\dlib\dlib.dir\release\zutil.obj
g:\study\image_processing\lib\dlib-19.15\build\dlib\dlib.dir\release\pngget.obj
g:\study\image_processing\lib\dlib-19.15\build\dlib\dlib.dir\release\pngrio.obj
g:\study\image_processing\lib\dlib-19.15\build\dlib\dlib.dir\release\pngrutil.obj
g:\study\image_processing\lib\dlib-19.15\build\dlib\dlib.dir\release\pngwtran.obj
g:\study\image_processing\lib\dlib-19.15\build\dlib\dlib.dir\release\gzwrite.obj
g:\study\image_processing\lib\dlib-19.15\build\dlib\dlib.dir\release\inflate.obj
g:\study\image_processing\lib\dlib-19.15\build\dlib\cmakefiles\generate.stamp
g:\study\image_processing\lib\dlib-19.15\build\dlib\release\dlib19.15.0_release_64bit_msvc1900.lib
g:\study\image_processing\lib\dlib-19.15\build\dlib\dlib.dir\release\dlib.tlog\cl.command.1.tlog
g:\study\image_processing\lib\dlib-19.15\build\dlib\dlib.dir\release\dlib.tlog\cl.read.1.tlog
g:\study\image_processing\lib\dlib-19.15\build\dlib\dlib.dir\release\dlib.tlog\cl.write.1.tlog
g:\study\image_processing\lib\dlib-19.15\build\dlib\dlib.dir\release\dlib.tlog\custombuild.command.1.tlog
g:\study\image_processing\lib\dlib-19.15\build\dlib\dlib.dir\release\dlib.tlog\custombuild.read.1.tlog
g:\study\image_processing\lib\dlib-19.15\build\dlib\dlib.dir\release\dlib.tlog\custombuild.write.1.tlog
g:\study\image_processing\lib\dlib-19.15\build\dlib\dlib.dir\release\dlib.tlog\lib-link.read.1.tlog
g:\study\image_processing\lib\dlib-19.15\build\dlib\dlib.dir\release\dlib.tlog\lib-link.write.1.tlog
g:\study\image_processing\lib\dlib-19.15\build\dlib\dlib.dir\release\dlib.tlog\lib.command.1.tlog
